Build started 2015/1/8 16:11:11.
     1>Project "C:\Users\dongqizh\Documents\Visual Studio 2012\Projects\Mid_Search_Func\Mid_Search_Func\Mid_Search_Func.vcxproj" on node 2 (Build target(s)).
     1>C:\Program Files (x86)\MSBuild\Microsoft.Cpp\v4.0\V110\Microsoft.CppCommon.targets(611,5): error MSB6003: The specified task executable "link.exe" could not be run. Access to the path 'C:\Users\dongqizh\Documents\Visual Studio 2012\Projects\Mid_Search_Func\Mid_Search_Func\Debug\link.command.1.tlog' is denied.
     1>Done Building Project "C:\Users\dongqizh\Documents\Visual Studio 2012\Projects\Mid_Search_Func\Mid_Search_Func\Mid_Search_Func.vcxproj" (Build target(s)) -- FAILED.

Build FAILED.

Time Elapsed 00:00:00.06
